0 info it worked if it ends with ok
1 verbose cli [ 'node', '/usr/local/bin/npm', 'publish' ]
2 info using npm@2.12.1
3 info using node@v0.12.4
4 verbose publish [ '.' ]
5 silly cache add args [ '.', null ]
6 verbose cache add spec .
7 silly cache add parsed spec { raw: '.',
7 silly cache add   scope: null,
7 silly cache add   name: null,
7 silly cache add   rawSpec: '.',
7 silly cache add   spec: '/Users/erschiller/dev/generator-angler',
7 silly cache add   type: 'directory' }
8 verbose addLocalDirectory /Users/erschiller/.npm/generator-angler/0.0.5/package.tgz not in flight; packing
9 verbose tar pack [ '/Users/erschiller/.npm/generator-angler/0.0.5/package.tgz',
9 verbose tar pack   '/Users/erschiller/dev/generator-angler' ]
10 verbose tarball /Users/erschiller/.npm/generator-angler/0.0.5/package.tgz
11 verbose folder /Users/erschiller/dev/generator-angler
12 info prepublish generator-angler@0.0.5
13 verbose addLocalTarball adding from inside cache /Users/erschiller/.npm/generator-angler/0.0.5/package.tgz
14 silly cache afterAdd generator-angler@0.0.5
15 verbose afterAdd /Users/erschiller/.npm/generator-angler/0.0.5/package/package.json not in flight; writing
16 verbose afterAdd /Users/erschiller/.npm/generator-angler/0.0.5/package/package.json written
17 silly publish { name: 'generator-angler',
17 silly publish   version: '0.0.5',
17 silly publish   description: 'A Yeoman generator for modular Angular powered by Gulp and Browserify.',
17 silly publish   license: 'MIT',
17 silly publish   repository:
17 silly publish    { type: 'git',
17 silly publish      url: 'git+https://github.com/ericschiller/generator-angler.git' },
17 silly publish   author:
17 silly publish    { name: 'Eric Schiller',
17 silly publish      email: 'ericschiller@gmail.com',
17 silly publish      url: 'https://github.com/ericschiller' },
17 silly publish   engines: { node: '>=0.12.7' },
17 silly publish   scripts: { test: 'mocha --reporter spec' },
17 silly publish   keywords:
17 silly publish    [ 'yeoman-generator',
17 silly publish      'angularjs',
17 silly publish      'angular',
17 silly publish      'angler',
17 silly publish      'gulp',
17 silly publish      'browserify',
17 silly publish      'web',
17 silly publish      'karma',
17 silly publish      'front-end' ],
17 silly publish   dependencies:
17 silly publish    { chalk: '^1.0.0',
17 silly publish      'yeoman-generator': '^0.17.7',
17 silly publish      yosay: '^1.0.0' },
17 silly publish   devDependencies: { mocha: '*' },
17 silly publish   peerDependencies: { yo: '>=1.0.0' },
17 silly publish   readme: '\n# Angler generator \n\n> [Yeoman](http://yeoman.io) generator that scaffolds out a front-end web app using [angularjs](https://angularjs.org/), [gulp](http://gulpjs.com/) and [browserify](http://browserify.org/)\n\n![angler](http://i.imgur.com/qC3Nbe9.jpg \'an angler\')\n\n### Notes\n\nThis project is a fork of Angulpify suited to meet my everyday needs. As a result it\'s more opinionated than Angulpify and I\'ve\nremoved some options and functionality.  I\'ve updated a lot of packages\nand have included Karma, Jasmine, and swapped out live-reload for\nbrowser-sync.  \n\n## Todo\n\n* Add generators for Angular modules, controllers, services, etc.\n* Make Karma and the testing stack optional.\n* Figure out how to get Browsersync work correctly with Jade.  \n* Update Watchify and rewrite it appropriately. \n* Clean up stuff I missed when removing previous functionality.\n\n## Features\n\n* Require() everywhere to build a modular application\n* Built-in preview server with Browsersync for CSS/SASS\n* Automagically lint your scripts\n* Automagically compile Sass/Less (you can still use CSS too!)\n* CSS Autoprefixing\n* Automagically compile your Jade (or HTML if you want!) templates into $templateCache\n* Awesome image optimization\n* Wire-up Bower dependencies easily with browserify-shim\n* Bundle your application for two environments (build/release)\n\n*For more information on what this generator can do for you, take a look at the [gulp plugins](generators/app/templates/_package.json).*\n\n## Tooling\n\nThis generator relies on several technologies, make sure your system has:\n- [Node.js](http://nodejs.org)\n- [Yeoman](http://yeoman.io/learning/index.html)\n- [Bower](http://bower.io/#install-bower)\n- [Gulp](http://gulpjs.com)\n- [[Ruby](https://www.ruby-lang.org/en/installation/) + [Sass](http://sass-lang.com/install)] | Optional\n\n\n## Getting Started\n\n- Install: `npm install -g generator-angler`\n- Run: `yo angler`\n- Run:\n  * `gulp` for building to the `build` directory\n  * `gulp --release` for building to the `release` directory\n- Go to http://localhost:3000\n- Enjoy!\n\n\n#### Third-Party Dependencies\n\n*(HTML/CSS/JS/Images/etc)*\n\nTo install dependencies, run `bower install --save package-name` to get the files, then add an entry into the [browser](generators/app/templates/_package.json#L41) key of your `package.json`.\n\n\n## Options\n\n- `--skip-install`\n  Skips the automatic execution of `bower` and `npm` after scaffolding has finished.\n\n\n## Special Thanks\n\nThis generator is a fork of [generator-angulpify](https://www.npmjs.com/package/generator-angulpify). Thanks to Julien Goux!\n\n## License\n\n[MIT](https://tldrlegal.com/license/mit-license)\n',
17 silly publish   readmeFilename: 'README.md',
17 silly publish   gitHead: '49d6f07108323a224301552948af32469eb08361',
17 silly publish   bugs: { url: 'https://github.com/ericschiller/generator-angler/issues' },
17 silly publish   homepage: 'https://github.com/ericschiller/generator-angler#readme',
17 silly publish   _id: 'generator-angler@0.0.5',
17 silly publish   _shasum: '38832eb1fc89961f46d4678af84d72328c19cba0',
17 silly publish   _from: '.' }
18 verbose getPublishConfig undefined
19 silly mapToRegistry name generator-angler
20 silly mapToRegistry using default registry
21 silly mapToRegistry registry https://registry.npmjs.org/
22 silly mapToRegistry uri https://registry.npmjs.org/generator-angler
23 verbose publish registryBase https://registry.npmjs.org/
24 silly publish uploading /Users/erschiller/.npm/generator-angler/0.0.5/package.tgz
25 verbose request uri https://registry.npmjs.org/generator-angler
26 verbose request sending authorization for write operation
27 info attempt registry request try #1 at 4:25:26 PM
28 verbose request using bearer token for auth
29 verbose request id 5d27fac7c07b05f4
30 http request PUT https://registry.npmjs.org/generator-angler
31 http 403 https://registry.npmjs.org/generator-angler
32 verbose headers { 'content-type': 'application/json',
32 verbose headers   'cache-control': 'max-age=60',
32 verbose headers   'content-length': '95',
32 verbose headers   'accept-ranges': 'bytes',
32 verbose headers   date: 'Mon, 21 Sep 2015 23:25:27 GMT',
32 verbose headers   via: '1.1 varnish',
32 verbose headers   connection: 'keep-alive',
32 verbose headers   'x-served-by': 'cache-dfw1825-DFW',
32 verbose headers   'x-cache': 'MISS',
32 verbose headers   'x-cache-hits': '0',
32 verbose headers   'x-timer': 'S1442877926.958491,VS0,VE1012' }
33 verbose request invalidating /Users/erschiller/.npm/registry.npmjs.org/generator-angler on PUT
34 error publish Failed PUT 403
35 verbose stack Error: "You cannot publish over the previously published version 0.0.5." : generator-angler
35 verbose stack     at CachingRegistryClient.<anonymous> (/usr/local/lib/node_modules/npm/node_modules/npm-registry-client/lib/request.js:247:14)
35 verbose stack     at Request._callback (/usr/local/lib/node_modules/npm/node_modules/npm-registry-client/lib/request.js:170:14)
35 verbose stack     at Request.self.callback (/usr/local/lib/node_modules/npm/node_modules/request/request.js:197:22)
35 verbose stack     at Request.emit (events.js:110:17)
35 verbose stack     at Request.<anonymous> (/usr/local/lib/node_modules/npm/node_modules/request/request.js:1050:14)
35 verbose stack     at Request.emit (events.js:129:20)
35 verbose stack     at IncomingMessage.<anonymous> (/usr/local/lib/node_modules/npm/node_modules/request/request.js:996:12)
35 verbose stack     at IncomingMessage.emit (events.js:129:20)
35 verbose stack     at _stream_readable.js:908:16
35 verbose stack     at process._tickCallback (node.js:355:11)
36 verbose statusCode 403
37 verbose pkgid generator-angler
38 verbose cwd /Users/erschiller/dev/generator-angler
39 error Darwin 14.3.0
40 error argv "node" "/usr/local/bin/npm" "publish"
41 error node v0.12.4
42 error npm  v2.12.1
43 error code E403
44 error "You cannot publish over the previously published version 0.0.5." : generator-angler
45 error If you need help, you may report this error at:
45 error     <https://github.com/npm/npm/issues>
46 verbose exit [ 1, true ]
